<?xml version="1.0" encoding="UTF-8"?>
<!-- Generated by org.testng.reporters.JUnitXMLReporter -->
<testsuite ignored="1" hostname="Abhi" failures="0" tests="1" name="Default test" time="2.869" errors="0" timestamp="2022-05-25T19:21:31 IST">
  <testcase classname="com.restfulbooker.apitest.businessLogics.LoginTest" name="validLoginTest" time="2.835"/>
  <testcase classname="com.restfulbooker.apitest.businessLogics.LoginTest" name="invalidLoginTest" time="0.0">
    <ignored/>
  </testcase> <!-- invalidLoginTest -->
</testsuite> <!-- Default test -->
