<?xml version="1.0" encoding="UTF-8"?>
<testsuite xmlns:xsi="http://www.w3.org/2001/XMLSchema-instance" xsi:noNamespaceSchemaLocation="https://maven.apache.org/surefire/maven-surefire-plugin/xsd/surefire-test-report.xsd" name="TestSuite" time="4.333" tests="2" errors="0" skipped="0" failures="0">
  <properties>
[...]
</properties>
  <testcase name="invalidLoginTest" classname="com.restfulbooker.apitest.businessLogics.LoginTest" time="2.76"/>
  <testcase name="validLoginTest" classname="com.restfulbooker.apitest.businessLogics.LoginTest" time="1.119"/>
</testsuite>