<?xml version="1.0" encoding="UTF-8"?>
<testng-results ignored="0" total="2" passed="2" failed="0" skipped="0">
  <reporter-output>
  </reporter-output>
  <suite started-at="2022-05-25T19:24:39 IST" name="RestFulBooker_API_Testing_Automation" finished-at="2022-05-25T19:24:43 IST" duration-ms="3902">
    <groups>
    </groups>
    <test started-at="2022-05-25T19:24:39 IST" name="LoginTest" finished-at="2022-05-25T19:24:43 IST" duration-ms="3902">
      <class name="com.restfulbooker.apitest.businessLogics.LoginTest">
        <test-method signature="invalidLoginTest(java.lang.reflect.Method)[pri:0, instance:com.restfulbooker.apitest.businessLogics.LoginTest@2f7c2f4f]" started-at="2022-05-25T19:24:39 IST" name="invalidLoginTest" finished-at="2022-05-25T19:24:42 IST" duration-ms="2758" status="PASS">
          <params>
            <param index="0">
              <value>
                <![CDATA[public void com.restfulbooker.apitest.businessLogics.LoginTest.invalidLoginTest(java.lang.reflect.Method)]]>
              </value>
            </param>
          </params>
          <reporter-output>
          </reporter-output>
        </test-method> <!-- invalidLoginTest -->
        <test-method signature="validLoginTest(java.lang.reflect.Method)[pri:0, instance:com.restfulbooker.apitest.businessLogics.LoginTest@2f7c2f4f]" started-at="2022-05-25T19:24:42 IST" name="validLoginTest" finished-at="2022-05-25T19:24:43 IST" duration-ms="1119" status="PASS">
          <params>
            <param index="0">
              <value>
                <![CDATA[public void com.restfulbooker.apitest.businessLogics.LoginTest.validLoginTest(java.lang.reflect.Method)]]>
              </value>
            </param>
          </params>
          <reporter-output>
          </reporter-output>
        </test-method> <!-- validLoginTest -->
      </class> <!-- com.restfulbooker.apitest.businessLogics.LoginTest -->
    </test> <!-- LoginTest -->
  </suite> <!-- RestFulBooker_API_Testing_Automation -->
</testng-results>
