<?xml version="1.0" encoding="UTF-8"?>
<!-- Generated by org.testng.reporters.JUnitXMLReporter -->
<testsuite ignored="0" hostname="Abhi" failures="0" tests="2" name="LoginTest" time="7.291" errors="0" timestamp="2022-06-02T14:00:10 IST">
  <testcase classname="com.enhops.restful.apitest.testcases.NSDLTestCases" name="RetailsSearchResponse" time="2.722"/>
  <testcase classname="com.enhops.restful.apitest.testcases.NSDLTestCases" name="RetailsSearchResponseWithoutHeader" time="0.226"/>
</testsuite> <!-- LoginTest -->
