<?xml version="1.0" encoding="UTF-8"?>
<testng-results ignored="0" total="1" passed="1" failed="0" skipped="0">
  <reporter-output>
  </reporter-output>
  <suite started-at="2022-06-01T13:32:21 IST" name="RestFulBooker_API_Testing_Automation" finished-at="2022-06-01T13:32:24 IST" duration-ms="3330">
    <groups>
      <group name="regression">
        <method signature="NSDLTestCases.RetailsSearchResponse()[pri:0, instance:com.enhops.restful.apitest.testcases.NSDLTestCases@7586beff]" name="RetailsSearchResponse" class="com.enhops.restful.apitest.testcases.NSDLTestCases"/>
      </group> <!-- regression -->
      <group name="smoke">
        <method signature="NSDLTestCases.RetailsSearchResponse()[pri:0, instance:com.enhops.restful.apitest.testcases.NSDLTestCases@7586beff]" name="RetailsSearchResponse" class="com.enhops.restful.apitest.testcases.NSDLTestCases"/>
      </group> <!-- smoke -->
    </groups>
    <test started-at="2022-06-01T13:32:21 IST" name="LoginTest" finished-at="2022-06-01T13:32:24 IST" duration-ms="3330">
      <class name="com.enhops.restful.apitest.testcases.NSDLTestCases">
        <test-method is-config="true" signature="beforeMethod(java.lang.reflect.Method)[pri:0, instance:com.enhops.restful.apitest.testcases.NSDLTestCases@7586beff]" started-at="2022-06-01T13:32:21 IST" name="beforeMethod" finished-at="2022-06-01T13:32:22 IST" duration-ms="1066" status="PASS">
          <params>
            <param index="0">
              <value>
                <![CDATA[public void com.enhops.restful.apitest.testcases.NSDLTestCases.RetailsSearchResponse() throws org.json.JSONException]]>
              </value>
            </param>
          </params>
          <reporter-output>
          </reporter-output>
        </test-method> <!-- beforeMethod -->
        <test-method signature="RetailsSearchResponse()[pri:0, instance:com.enhops.restful.apitest.testcases.NSDLTestCases@7586beff]" started-at="2022-06-01T13:32:22 IST" name="RetailsSearchResponse" finished-at="2022-06-01T13:32:24 IST" duration-ms="2224" status="PASS">
          <reporter-output>
          </reporter-output>
        </test-method> <!-- RetailsSearchResponse -->
      </class> <!-- com.enhops.restful.apitest.testcases.NSDLTestCases -->
    </test> <!-- LoginTest -->
  </suite> <!-- RestFulBooker_API_Testing_Automation -->
</testng-results>
